Build started 2014-07-27 16:14:33.
     1>Project "C:\Users\Randoms\Documents\Visual Studio 2013\Projects\burstlink\burstlinkser\burstlinkser.vcxproj" on node 2 (Build target(s)).
     1>C:\Program Files (x86)\MSBuild\Microsoft.Cpp\v4.0\V120\Microsoft.CppBuild.targets(388,5): warning MSB8028: The intermediate directory (Release\) contains files shared from another project (burstlink.vcxproj).  This can lead to incorrect clean and rebuild behavior.
     1>ClCompile:
         C:\Program Files (x86)\Microsoft Visual Studio 12.0\VC\bin\CL.exe /c /Zi /nologo /W3 /WX- /sdl /O2 /Oi /Oy- /GL /D WIN32 /D NDEBUG /D _CONSOLE /D _LIB /D _UNICODE /D UNICODE /Gm- /EHsc /MD /GS /Gy /fp:precise /Zc:wchar_t /Zc:forScope /Fo"Release\\" /Fd"Release\vc120.pdb" /Gd /TC /analyze- /errorReport:prompt client.c
         client.c
       Link:
         C:\Program Files (x86)\Microsoft Visual Studio 12.0\VC\bin\link.exe /ERRORREPORT:PROMPT /OUT:"C:\Users\Randoms\Documents\Visual Studio 2013\Projects\burstlink\Release\burstlinkser.exe" /INCREMENTAL:NO /NOLOGO kernel32.lib user32.lib gdi32.lib winspool.lib comdlg32.lib advapi32.lib shell32.lib ole32.lib oleaut32.lib uuid.lib odbc32.lib odbccp32.lib /MANIFEST /MANIFESTUAC:"level='asInvoker' uiAccess='false'" /manifest:embed /DEBUG /PDB:"C:\Users\Randoms\Documents\Visual Studio 2013\Projects\burstlink\Release\burstlinkser.pdb" /SUBSYSTEM:CONSOLE /OPT:REF /OPT:ICF /LTCG /TLBID:1 /DYNAMICBASE /NXCOMPAT /IMPLIB:"C:\Users\Randoms\Documents\Visual Studio 2013\Projects\burstlink\Release\burstlinkser.lib" /MACHINE:X86 /SAFESEH Release\client.obj
         Release\connect.obj
         Release\local_socks.obj
         Release\message_listener.obj
         Release\queue.obj
         Release\utils.obj
         Generating code
     1>c:\users\randoms\documents\visual studio 2013\projects\burstlink\burstlinkser\client.c(205): warning C4715: 'init_tox_connection' : not all control paths return a value
     1>c:\users\randoms\documents\visual studio 2013\projects\burstlink\burstlinkser\client.c(61): warning C4716: 'accept_req_work' : must return a value
         Finished generating code
         burstlinkser.vcxproj -> C:\Users\Randoms\Documents\Visual Studio 2013\Projects\burstlink\Release\burstlinkser.exe
     1>Done Building Project "C:\Users\Randoms\Documents\Visual Studio 2013\Projects\burstlink\burstlinkser\burstlinkser.vcxproj" (Build target(s)).

Build succeeded.

Time Elapsed 00:00:01.43
