Build started 2014/7/31 12:06:37.
Project "C:\Users\Randoms\Documents\Github\burst-link\burstlink\burstlink\burstlink.vcxproj" on node 2 (Rebuild target(s)).
ClCompile:
  C:\Program Files (x86)\Microsoft Visual Studio 12.0\VC\bin\CL.exe /c /Zi /nologo /W3 /WX- /sdl /O2 /Oi /Oy- /GL /D WIN32 /D NDEBUG /D _CONSOLE /D _LIB /D _UNICODE /D UNICODE /Gm- /EHsc /MD /GS /Gy /fp:precise /Zc:wchar_t /Zc:forScope /Fo"Release\\" /Fd"Release\vc120.pdb" /Gd /TC /analyze- /errorReport:prompt connect.c local_socks.c message_listener.c queue.c server.c utils\utils.c
  connect.c
  local_socks.c
  message_listener.c
  queue.c
  server.c
  utils.c
Link:
  C:\Program Files (x86)\Microsoft Visual Studio 12.0\VC\bin\link.exe /ERRORREPORT:PROMPT /OUT:"C:\Users\Randoms\Documents\Github\burst-link\burstlink\Release\burstlink.exe" /INCREMENTAL:NO /NOLOGO kernel32.lib user32.lib gdi32.lib winspool.lib comdlg32.lib advapi32.lib shell32.lib ole32.lib oleaut32.lib uuid.lib odbc32.lib odbccp32.lib /MANIFEST /MANIFESTUAC:"level='asInvoker' uiAccess='false'" /manifest:embed /DEBUG /PDB:"C:\Users\Randoms\Documents\Github\burst-link\burstlink\Release\burstlink.pdb" /SUBSYSTEM:CONSOLE /OPT:REF /OPT:ICF /LTCG /TLBID:1 /DYNAMICBASE /NXCOMPAT /IMPLIB:"C:\Users\Randoms\Documents\Github\burst-link\burstlink\Release\burstlink.lib" /MACHINE:X86 /SAFESEH Release\connect.obj
  Release\local_socks.obj
  Release\message_listener.obj
  Release\queue.obj
  Release\server.obj
  Release\utils.obj
  Generating code
  Finished generating code
  burstlink.vcxproj -> C:\Users\Randoms\Documents\Github\burst-link\burstlink\Release\burstlink.exe
Done Building Project "C:\Users\Randoms\Documents\Github\burst-link\burstlink\burstlink\burstlink.vcxproj" (Rebuild target(s)).

Build succeeded.

Time Elapsed 00:00:06.15
